<?xml version="1.0" encoding="UTF-8"?>
<testsuite xmlns:xsi="http://www.w3.org/2001/XMLSchema-instance" xsi:noNamespaceSchemaLocation="https://maven.apache.org/surefire/maven-surefire-plugin/xsd/surefire-test-report.xsd" name="BoxTest" time="0.047" tests="8" errors="0" skipped="0" failures="0">
  <properties>
[...]
</properties>
  <testcase name="moreThatAllowWeighthShouldThrowsException" classname="BoxTest" time="0"/>
  <testcase name="tryAddFlatItemToBox" classname="BoxTest" time="0.006"/>
  <testcase name="AddBoxToThisBox" classname="BoxTest" time="0.003"/>
  <testcase name="tryAddNotFlatItemToBox" classname="BoxTest" time="0.003"/>
  <testcase name="getCurrentWeighTest" classname="BoxTest" time="0.002"/>
  <testcase name="crateBoxTestDeffaultConstructor" classname="BoxTest" time="0.002"/>
  <testcase name="GetItemFromBox" classname="BoxTest" time="0.002"/>
  <testcase name="GetItemByName" classname="BoxTest" time="0.003"/>
</testsuite>